<?xml version="1.0" encoding="UTF-8"?>
<testng-results ignored="0" total="1" passed="1" failed="0" skipped="0">
  <reporter-output>
  </reporter-output>
  <suite started-at="2024-07-04T09:57:32 IST" name="Default suite" finished-at="2024-07-04T09:57:54 IST" duration-ms="22306">
    <groups>
    </groups>
    <test started-at="2024-07-04T09:57:32 IST" name="Default test" finished-at="2024-07-04T09:57:54 IST" duration-ms="22306">
      <class name="runner_class.Orange_hrm">
        <test-method is-config="true" signature="open_app()[pri:0, instance:runner_class.Orange_hrm@3bf9ce3e]" started-at="2024-07-04T09:57:32 IST" name="open_app" finished-at="2024-07-04T09:57:41 IST" duration-ms="9422" status="PASS">
          <reporter-output>
          </reporter-output>
        </test-method> <!-- open_app -->
        <test-method signature="test()[pri:0, instance:runner_class.Orange_hrm@3bf9ce3e]" started-at="2024-07-04T09:57:41 IST" name="test" finished-at="2024-07-04T09:57:54 IST" duration-ms="12454" status="PASS">
          <reporter-output>
          </reporter-output>
        </test-method> <!-- test -->
        <test-method is-config="true" signature="close_app()[pri:0, instance:runner_class.Orange_hrm@3bf9ce3e]" started-at="2024-07-04T09:57:54 IST" name="close_app" finished-at="2024-07-04T09:57:54 IST" duration-ms="362" status="PASS">
          <reporter-output>
          </reporter-output>
        </test-method> <!-- close_app -->
      </class> <!-- runner_class.Orange_hrm -->
    </test> <!-- Default test -->
  </suite> <!-- Default suite -->
</testng-results>
